<?xml version="1.0" encoding="UTF-8" ?>
<testsuite tests="4" failures="2" name="TestSuite" time="284.503" errors="0" skipped="0">
  <properties>
[...]
</properties>
  <testcase classname="lastochkin.streamTV.RegisterTest" name="Filters" time="101.992"/>
  <testcase classname="lastochkin.streamTV.RegisterTest" name="createAndDelete" time="44.027"/>
  <testcase classname="lastochkin.streamTV.RegisterTest" name="createAndVerify" time="44.219">
    <failure message="Some fields contain wrong data!" type="java.lang.RuntimeException">java.lang.RuntimeException: Some fields contain wrong data!
	at lastochkin.streamTV.pages.HomePage.checkExeptions(HomePage.java:124)
	at lastochkin.streamTV.RegisterTest.createAndVerify(RegisterTest.java:24)
</failure>
    <system-out>On the profile page the field  expected contains Kyivska but was: Region
On the profile page the field  expected contains SK but was: FST
On the profile page the field expected contains Joda but was: 
On the profile page the field expected contains Kenobi but was: 
On the profile page the field  expected contains Recieved but was: No card
</system-out>
  </testcase>
  <testcase classname="lastochkin.streamTV.RegisterTest" name="updateAndVerify" time="77.646">
    <failure message="Some fields contain wrong data!" type="java.lang.RuntimeException">java.lang.RuntimeException: Some fields contain wrong data!
	at lastochkin.streamTV.pages.HomePage.checkExeptions(HomePage.java:124)
	at lastochkin.streamTV.RegisterTest.updateAndVerify(RegisterTest.java:36)
</failure>
    <system-out>After search result the field  expected contains 2017 but was: 2016
On the profile page the field expected contains ObiVan but was: 
On the profile page the field expected contains DartaMol but was: 
On the profile page the field  expected contains Senior but was: Cadet
On the profile page the field  expected contains 2017 but was: 2016
On the profile page the field  expected contains Produced but was: No card
</system-out>
  </testcase>
</testsuite>